execve("./hello", ["./hello"], 0x7ffe725144b8 /* 29 vars */) = 0 <0.000388>
brk(NULL)                               = 0x563276fdd000 <0.000023>
arch_prctl(0x3001 /* ARCH_??? */, 0x7ffe47ef96e0) = -1 EINVAL (Invalid argument) <0.000023>
mmap(NULL, 8192, PROT_READ|PROT_WRITE, MAP_PRIVATE|MAP_ANONYMOUS, -1, 0) = 0x7f75408d6000 <0.000069>
access("/etc/ld.so.preload", R_OK)      = -1 ENOENT (No such file or directory) <0.000026>
openat(AT_FDCWD, "/etc/ld.so.cache", O_RDONLY|O_CLOEXEC) = 3 <0.000026>
newfstatat(3, "", {st_mode=S_IFREG|0644, st_size=16963, ...}, AT_EMPTY_PATH) = 0 <0.000023>
mmap(NULL, 16963, PROT_READ, MAP_PRIVATE, 3, 0) = 0x7f75408d1000 <0.000023>
close(3)                                = 0 <0.000023>
openat(AT_FDCWD, "/lib/x86_64-linux-gnu/libstdc++.so.6", O_RDONLY|O_CLOEXEC) = 3 <0.000024>
read(3, "\177ELF\2\1\1\3\0\0\0\0\0\0\0\0\3\0>\0\1\0\0\0\0\0\0\0\0\0\0\0"..., 832) = 832 <0.000024>
newfstatat(3, "", {st_mode=S_IFREG|0644, st_size=2260296, ...}, AT_EMPTY_PATH) = 0 <0.000022>
mmap(NULL, 2275520, PROT_READ, MAP_PRIVATE|MAP_DENYWRITE, 3, 0) = 0x7f75406a5000 <0.000151>
mprotect(0x7f754073f000, 1576960, PROT_NONE) = 0 <0.000041>
mmap(0x7f754073f000, 1118208, PROT_READ|PROT_EXEC, MAP_PRIVATE|MAP_FIXED|MAP_DENYWRITE, 3, 0x9a000) = 0x7f754073f000 <0.000043>
mmap(0x7f7540850000, 454656, PROT_READ, MAP_PRIVATE|MAP_FIXED|MAP_DENYWRITE, 3, 0x1ab000) = 0x7f7540850000 <0.000038>
mmap(0x7f75408c0000, 57344, PROT_READ|PROT_WRITE, MAP_PRIVATE|MAP_FIXED|MAP_DENYWRITE, 3, 0x21a000) = 0x7f75408c0000 <0.000030>
mmap(0x7f75408ce000, 10432, PROT_READ|PROT_WRITE, MAP_PRIVATE|MAP_FIXED|MAP_ANONYMOUS, -1, 0) = 0x7f75408ce000 <0.000030>
close(3)                                = 0 <0.000026>
openat(AT_FDCWD, "/lib/x86_64-linux-gnu/libc.so.6", O_RDONLY|O_CLOEXEC) = 3 <0.000029>
read(3, "\177ELF\2\1\1\3\0\0\0\0\0\0\0\0\3\0>\0\1\0\0\0P\237\2\0\0\0\0\0"..., 832) = 832 <0.000027>
pread64(3, "\6\0\0\0\4\0\0\0@\0\0\0\0\0\0\0@\0\0\0\0\0\0\0@\0\0\0\0\0\0\0"..., 784, 64) = 784 <0.000026>
pread64(3, "\4\0\0\0 \0\0\0\5\0\0\0GNU\0\2\0\0\300\4\0\0\0\3\0\0\0\0\0\0\0"..., 48, 848) = 48 <0.000031>
pread64(3, "\4\0\0\0\24\0\0\0\3\0\0\0GNU\0\302\211\332Pq\2439\235\350\223\322\257\201\326\243\f"..., 68, 896) = 68 <0.000028>
newfstatat(3, "", {st_mode=S_IFREG|0755, st_size=2220400, ...}, AT_EMPTY_PATH) = 0 <0.000027>
pread64(3, "\6\0\0\0\4\0\0\0@\0\0\0\0\0\0\0@\0\0\0\0\0\0\0@\0\0\0\0\0\0\0"..., 784, 64) = 784 <0.000028>
mmap(NULL, 2264656, PROT_READ, MAP_PRIVATE|MAP_DENYWRITE, 3, 0) = 0x7f754047c000 <0.000027>
mprotect(0x7f75404a4000, 2023424, PROT_NONE) = 0 <0.000026>
mmap(0x7f75404a4000, 1658880, PROT_READ|PROT_EXEC, MAP_PRIVATE|MAP_FIXED|MAP_DENYWRITE, 3, 0x28000) = 0x7f75404a4000 <0.000031>
mmap(0x7f7540639000, 360448, PROT_READ, MAP_PRIVATE|MAP_FIXED|MAP_DENYWRITE, 3, 0x1bd000) = 0x7f7540639000 <0.000026>
mmap(0x7f7540692000, 24576, PROT_READ|PROT_WRITE, MAP_PRIVATE|MAP_FIXED|MAP_DENYWRITE, 3, 0x215000) = 0x7f7540692000 <0.000029>
mmap(0x7f7540698000, 52816, PROT_READ|PROT_WRITE, MAP_PRIVATE|MAP_FIXED|MAP_ANONYMOUS, -1, 0) = 0x7f7540698000 <0.000028>
close(3)                                = 0 <0.000028>
openat(AT_FDCWD, "/lib/x86_64-linux-gnu/libm.so.6", O_RDONLY|O_CLOEXEC) = 3 <0.000028>
read(3, "\177ELF\2\1\1\3\0\0\0\0\0\0\0\0\3\0>\0\1\0\0\0\0\0\0\0\0\0\0\0"..., 832) = 832 <0.000025>
newfstatat(3, "", {st_mode=S_IFREG|0644, st_size=940560, ...}, AT_EMPTY_PATH) = 0 <0.000024>
mmap(NULL, 942344, PROT_READ, MAP_PRIVATE|MAP_DENYWRITE, 3, 0) = 0x7f7540395000 <0.000025>
mmap(0x7f75403a3000, 507904, PROT_READ|PROT_EXEC, MAP_PRIVATE|MAP_FIXED|MAP_DENYWRITE, 3, 0xe000) = 0x7f75403a3000 <0.000026>
mmap(0x7f754041f000, 372736, PROT_READ, MAP_PRIVATE|MAP_FIXED|MAP_DENYWRITE, 3, 0x8a000) = 0x7f754041f000 <0.000025>
mmap(0x7f754047a000, 8192, PROT_READ|PROT_WRITE, MAP_PRIVATE|MAP_FIXED|MAP_DENYWRITE, 3, 0xe4000) = 0x7f754047a000 <0.000026>
close(3)                                = 0 <0.000023>
openat(AT_FDCWD, "/lib/x86_64-linux-gnu/libgcc_s.so.1", O_RDONLY|O_CLOEXEC) = 3 <0.000029>
read(3, "\177ELF\2\1\1\0\0\0\0\0\0\0\0\0\3\0>\0\1\0\0\0\0\0\0\0\0\0\0\0"..., 832) = 832 <0.000023>
newfstatat(3, "", {st_mode=S_IFREG|0644, st_size=125488, ...}, AT_EMPTY_PATH) = 0 <0.000026>
mmap(NULL, 127720, PROT_READ, MAP_PRIVATE|MAP_DENYWRITE, 3, 0) = 0x7f7540375000 <0.000024>
mmap(0x7f7540378000, 94208, PROT_READ|PROT_EXEC, MAP_PRIVATE|MAP_FIXED|MAP_DENYWRITE, 3, 0x3000) = 0x7f7540378000 <0.000025>
mmap(0x7f754038f000, 16384, PROT_READ, MAP_PRIVATE|MAP_FIXED|MAP_DENYWRITE, 3, 0x1a000) = 0x7f754038f000 <0.000024>
mmap(0x7f7540393000, 8192, PROT_READ|PROT_WRITE, MAP_PRIVATE|MAP_FIXED|MAP_DENYWRITE, 3, 0x1d000) = 0x7f7540393000 <0.000024>
close(3)                                = 0 <0.000023>
mmap(NULL, 8192, PROT_READ|PROT_WRITE, MAP_PRIVATE|MAP_ANONYMOUS, -1, 0) = 0x7f7540373000 <0.000023>
arch_prctl(ARCH_SET_FS, 0x7f75403743c0) = 0 <0.000023>
set_tid_address(0x7f7540374690)         = 866 <0.000023>
set_robust_list(0x7f75403746a0, 24)     = 0 <0.000022>
rseq(0x7f7540374d60, 0x20, 0, 0x53053053) = 0 <0.000022>
mprotect(0x7f7540692000, 16384, PROT_READ) = 0 <0.000024>
mprotect(0x7f7540393000, 4096, PROT_READ) = 0 <0.000023>
mprotect(0x7f754047a000, 4096, PROT_READ) = 0 <0.000023>
mmap(NULL, 8192, PROT_READ|PROT_WRITE, MAP_PRIVATE|MAP_ANONYMOUS, -1, 0) = 0x7f7540371000 <0.000026>
mprotect(0x7f75408c0000, 45056, PROT_READ) = 0 <0.000024>
mprotect(0x563275f22000, 4096, PROT_READ) = 0 <0.000024>
mprotect(0x7f7540910000, 8192, PROT_READ) = 0 <0.000024>
prlimit64(0, RLIMIT_STACK, NULL, {rlim_cur=8192*1024, rlim_max=RLIM64_INFINITY}) = 0 <0.000022>
munmap(0x7f75408d1000, 16963)           = 0 <0.000026>
getrandom("\xcc\x35\x56\x09\xb7\x8f\xfa\x26", 8, GRND_NONBLOCK) = 8 <0.000023>
brk(NULL)                               = 0x563276fdd000 <0.000031>
brk(0x563276ffe000)                     = 0x563276ffe000 <0.000024>
futex(0x7f75408ce77c, FUTEX_WAKE_PRIVATE, 2147483647) = 0 <0.000054>
newfstatat(1, "", {st_mode=S_IFCHR|0620, st_rdev=makedev(0x88, 0), ...}, AT_EMPTY_PATH) = 0 <0.000025>
write(1, "hello, world!\n", 14)         = 14 <0.000040>
exit_group(0)                           = ?
+++ exited with 0 +++
